"../../../Engine/Content/VREditor/LaserPointer/VR_LaserPower_01.uasset" 0
"../../../Engine/Content/VREditor/LaserPointer/LaserPointerMaterial.uasset" 1
"../../../Engine/Content/VREditor/LaserPointer/LaserPointerMaterial_Inst.uasset" 2
"../../../Engine/Content/Functions/Engine_MaterialFunctions01/Opacity/CameraDepthFade.uasset" 3
"../../../Engine/Content/EngineMaterials/T_Default_Material_Grid_M.uasset" 4
"../../../Engine/Content/EngineMaterials/T_Default_Material_Grid_N.uasset" 5
"../../../Engine/Content/EngineMaterials/DefaultMaterial.uasset" 6
"../../../Engine/Content/BasicShapes/Cone.uasset" 7
"../../../../../../Users/crizz/Desktop/GAME2020/M4/Content/Sound/H1.uasset" 8
"../../../../../../Users/crizz/Desktop/GAME2020/M4/Content/BP/BP_Hazard1.uasset" 9
"../../../../../../Users/crizz/Desktop/GAME2020/M4/Content/BP_Hazard1.uasset" 10
"../../../../../../Users/crizz/Desktop/GAME2020/M4/Content/Vehicle/Sedan/Sedan_Skeleton.uasset" 11
"../../../../../../Users/crizz/Desktop/GAME2020/M4/Content/Vehicle/Sedan/Sedan_AnimBP.uasset" 12
"../../../Engine/Content/EditorBlueprintResources/StandardMacros.uasset" 13
"../../../Engine/Content/BasicShapes/Sphere.uasset" 14
"../../../Engine/Content/Tutorial/SubEditors/TutorialAssets/T_SmokeSubUV_8X8.uasset" 15
"../../../Engine/Content/Tutorial/SubEditors/TutorialAssets/T_soft_smoke.uasset" 16
"../../../Engine/Content/Tutorial/SubEditors/TutorialAssets/M_smoke_subUV_blackbody.uasset" 17
"../../../Engine/Content/Tutorial/SubEditors/TutorialAssets/TutorialParticleSystem.uasset" 18
"../../../../../../Users/crizz/Desktop/GAME2020/M4/Content/Sound/isHit.uasset" 19
"../../../../../../Users/crizz/Desktop/GAME2020/M4/Content/BP/BP_TBullet.uasset" 20
"../../Plugins/Enterprise/DatasmithContent/Content/Materials/TileMirrorAxis.uasset" 21
"../../../Engine/Content/Functions/Engine_MaterialFunctions02/Texturing/CustomRotator.uasset" 22
"../../Plugins/Enterprise/DatasmithContent/Content/Materials/UVEdit.uasset" 23
"../../Plugins/Enterprise/DatasmithContent/Content/Materials/C4DMasterUV.uasset" 24
"../../../Engine/Content/Functions/Engine_MaterialFunctions01/Texturing/FlattenNormal.uasset" 25
"../../../Engine/Content/Functions/Engine_MaterialFunctions02/HueShift.uasset" 26
"../../../Engine/Content/ArtTools/RenderToTexture/Textures/127grey.uasset" 27
"../../../Engine/Content/EditorLandscapeResources/WhiteSquareTexture.uasset" 28
"../../../Engine/Content/EngineMaterials/BaseFlattenNormalMap.uasset" 29
"../../../Engine/Content/EngineMaterials/DefaultDiffuse.uasset" 30
"../../../Engine/Content/EngineMaterials/T_Default_Normal.uasset" 31
"../../../Engine/Content/EngineMaterials/T_DefaultTexture2_D.uasset" 32
"../../../Engine/Content/EngineResources/Black.uasset" 33
"../../../Engine/Content/EngineResources/WhiteSquareTexture.uasset" 34
"../../Plugins/Enterprise/DatasmithContent/Content/Materials/C4DMaster.uasset" 35
"../../../Engine/Content/MapTemplates/Sky/Desert_Outer_HDR.uasset" 36
"../../../Engine/Content/MapTemplates/Sky/Desert_Outer_HDR_Mat.uasset" 37
"../../../Engine/Content/VREditor/BasicMeshes/T_CleanFloorGrunge_01_D.uasset" 38
"../../../Engine/Content/VREditor/BasicMeshes/M_Floor_01.uasset" 39
"../../Plugins/Developer/AnimationSharing/Content/AnimSharingBase.uasset" 40
"../../Plugins/Developer/AnimationSharing/Content/AnimSharingRed.uasset" 41
"../../../Engine/Content/EngineMaterials/WorldGridMaterial.uasset" 42
"../../../Engine/Content/BasicShapes/Cube.uasset" 43
"../../../Engine/Content/BasicShapes/Cylinder.uasset" 44
"../../../../../../Users/crizz/Desktop/GAME2020/M4/Content/Sound/fire.uasset" 45
"../../../../../../Users/crizz/Desktop/GAME2020/M4/Content/BP/BP_Turret.uasset" 46
"../../Plugins/Enterprise/DatasmithContent/Content/Materials/MDL/Emissive.uasset" 47
"../../../../../../Users/crizz/Desktop/GAME2020/M4/Content/Sound/Cue_Hit.uasset" 48
"../../../../../../Users/crizz/Desktop/GAME2020/M4/Content/BP/BP_Bullet.uasset" 49
"../../../Engine/Content/EngineFonts/RobotoDistanceField.uasset" 50
"../../../../../../Users/crizz/Desktop/GAME2020/M4/Content/VehicleBP/Blueprints/VehicleHUD.uasset" 51
"../../../../../../Users/crizz/Desktop/GAME2020/M4/Content/VehicleBP/Sedan/Sedan_BackWheel.uasset" 52
"../../../../../../Users/crizz/Desktop/GAME2020/M4/Content/VehicleBP/Sedan/Sedan_FrontWheel.uasset" 53
"../../../Engine/Content/EditorMaterials/Cascade/CASC_Cross.uasset" 54
"../../../Engine/Content/EditorMaterials/Cascade/CASC_RenderCross_MAT.uasset" 55
"../../../Engine/Content/EditorMeshes/ColorCalibrator/M_ClearCoatBlack.uasset" 56
"../../../Engine/Content/Functions/Engine_MaterialFunctions03/Procedurals/ComputeFilterWidth.uasset" 57
"../../../Engine/Content/EngineMaterials/AntiAliasedTextMaterialTranslucent.uasset" 58
"../../../Engine/Content/Tutorial/Landscape/TutorialAssets/Landscape_Material.uasset" 59
"../../../Engine/Content/VREditor/Devices/Vive/UE4_Logo.uasset" 60
"../../../Engine/Content/VREditor/UI/M_ContentWindow.uasset" 61
"../../../Engine/Content/VREditor/Devices/Generic/GenericHMDMaterial.uasset" 62
"../../../Engine/Content/VREditor/Devices/Generic/GenericHMDMaterial_Inst.uasset" 63
"../../../Engine/Content/VREditor/Sounds/UI/Laser_Push.uasset" 64
"../../../../../../Users/crizz/Desktop/GAME2020/M4/Content/Sound/Cue_VehcleGun.uasset" 65
"../../../../../../Users/crizz/Desktop/GAME2020/M4/Content/Sound/lost.uasset" 66
"../../../../../../Users/crizz/Desktop/GAME2020/M4/Content/Vehicle/Sedan/Sedan_PhysMat.uasset" 67
"../../../../../../Users/crizz/Desktop/GAME2020/M4/Content/Vehicle/Sedan/Materials/M_Vehicle_Sedan.uasset" 68
"../../../../../../Users/crizz/Desktop/GAME2020/M4/Content/Vehicle/Sedan/Materials/M_Vehicle_Sedan_Inst_Glass.uasset" 69
"../../../../../../Users/crizz/Desktop/GAME2020/M4/Content/Vehicle/Sedan/Materials/M_Vehicle_Sedan_Inst_Headlights.uasset" 70
"../../../../../../Users/crizz/Desktop/GAME2020/M4/Content/Vehicle/Sedan/Materials/M_Vehicle_Sedan_Inst_Plastic.uasset" 71
"../../../../../../Users/crizz/Desktop/GAME2020/M4/Content/Vehicle/Sedan/Materials/M_Vehicle_Sedan_Inst_TailLights.uasset" 72
"../../../../../../Users/crizz/Desktop/GAME2020/M4/Content/Vehicle/Sedan/Materials/M_Vehicle_Sedan_Inst_Tires.uasset" 73
"../../../../../../Users/crizz/Desktop/GAME2020/M4/Content/Vehicle/Sedan/Materials/M_Vehicle_Sedan_Inst_Wheels.uasset" 74
"../../../../../../Users/crizz/Desktop/GAME2020/M4/Content/Vehicle/Sedan/Sedan_PhysicsAsset.uasset" 75
"../../../../../../Users/crizz/Desktop/GAME2020/M4/Content/Vehicle/Sedan/Sedan_SkelMesh.uasset" 76
"../../../../../../Users/crizz/Desktop/GAME2020/M4/Content/VehicleBP/Sedan/Sedan.uasset" 77
"../../../Engine/Content/EditorMaterials/Cascade/CASC_ModuleDisable.uasset" 78
"../../../Engine/Content/EditorMaterials/Cascade/CASC_ModuleDisable_MAT.uasset" 79
"../../../../../../Users/crizz/Desktop/GAME2020/M4/Content/Sound/H2.uasset" 80
"../../../../../../Users/crizz/Desktop/GAME2020/M4/Content/Sound/Cue_H2.uasset" 81
"../../../../../../Users/crizz/Desktop/GAME2020/M4/Content/BP/BP_Hazard2.uasset" 82
"../../../../../../Users/crizz/Desktop/GAME2020/M4/Content/BP_Hazard2.uasset" 83
"../../../Engine/Content/VREditor/LaserPointer/LaserPointerMaterialInst.uasset" 84
"../../../../../../Users/crizz/Desktop/GAME2020/M4/Content/Sound/H3.uasset" 85
"../../../../../../Users/crizz/Desktop/GAME2020/M4/Content/BP/BP_Hazard3.uasset" 86
"../../../../../../Users/crizz/Desktop/GAME2020/M4/Content/BP_Hazard3.uasset" 87
"../../../../../../Users/crizz/Desktop/GAME2020/M4/Content/BP_Turret.uasset" 88
"../../../../../../Users/crizz/Desktop/GAME2020/M4/Content/Sound/Gamemusic.uasset" 89
"../../../../../../Users/crizz/Desktop/GAME2020/M4/Content/Sound/Cue_Game.uasset" 90
"../../../../../../Users/crizz/Desktop/GAME2020/M4/Content/Cue_Game.uasset" 91
"../../../../../../Users/crizz/Desktop/GAME2020/M4/Content/Sound/menumusic.uasset" 92
"../../../../../../Users/crizz/Desktop/GAME2020/M4/Content/Sound/Cue_MenuBGM.uasset" 93
"../../../../../../Users/crizz/Desktop/GAME2020/M4/Content/Cue_MenuBGM.uasset" 94
"../../../../../../Users/crizz/Desktop/GAME2020/M4/Content/UI/Game.uasset" 95
"../../../../../../Users/crizz/Desktop/GAME2020/M4/Content/Game.uasset" 96
"../../../../../../Users/crizz/Desktop/GAME2020/M4/Content/UI/logo1.uasset" 97
"../../../../../../Users/crizz/Desktop/GAME2020/M4/Content/UI/Menu.uasset" 98
"../../../../../../Users/crizz/Desktop/GAME2020/M4/Content/Menu.uasset" 99
"../../../../../../Users/crizz/Desktop/GAME2020/M4/Content/BP/Cylinder_Blueprint.uasset" 100
"../../../../../../Users/crizz/Desktop/GAME2020/M4/Content/Geometry/Meshes/CubeMaterial.uasset" 101
"../../../../../../Users/crizz/Desktop/GAME2020/M4/Content/Geometry/Meshes/1M_Cube_Chamfer.uasset" 102
"../../../../../../Users/crizz/Desktop/GAME2020/M4/Content/Geometry/Meshes/TemplateFloor.uasset" 103
"../../../../../../Users/crizz/Desktop/GAME2020/M4/Content/Sound/Cue_THit.uasset" 104
"../../../../../../Users/crizz/Desktop/GAME2020/M4/Content/Sound/win.uasset" 105
"../../../../../../Users/crizz/Desktop/GAME2020/M4/Content/Vehicle/Meshes/BaseMaterial.uasset" 106
"../../../../../../Users/crizz/Desktop/GAME2020/M4/Content/Vehicle/Meshes/GrayMaterial.uasset" 107
"../../../../../../Users/crizz/Desktop/GAME2020/M4/Content/Vehicle/Meshes/OrangeMaterial.uasset" 108
"../../../Engine/Content/MobileResources/HUD/VirtualJoystick_Thumb.uasset" 109
"../../../../../../Users/crizz/Desktop/GAME2020/M4/Content/Vehicle/Textures/VehicleJoystick_BackgroundL.uasset" 110
"../../../../../../Users/crizz/Desktop/GAME2020/M4/Content/Vehicle/Textures/VehicleJoystick_BackgroundR.uasset" 111
"../../../../../../Users/crizz/Desktop/GAME2020/M4/Content/Vehicle/Sedan/SedanVirtualJoysticks.uasset" 112
"../../../../../../Users/crizz/Desktop/GAME2020/M4/Content/Vehicle/Sedan/Materials/M_Vehicle_Sedan_Inst_Paint.uasset" 113
"../../../../../../Users/crizz/Desktop/GAME2020/M4/Content/VehicleBP/VehicleOverview.uasset" 114
"../../../../../../Users/crizz/Desktop/GAME2020/M4/Content/VehicleBP/Blueprints/VehicleGameMode.uasset" 115
"../../../Engine/Content/Animation/DefaultAnimCurveCompressionSettings.uasset" 116
"../../../Engine/Content/ArtTools/RenderToTexture/Meshes/S_1_Unit_Plane.uasset" 117
"../../../Engine/Content/BasicShapes/Plane.uasset" 118
"../../../Engine/Content/EditorLandscapeResources/DataLayer.uasset" 119
"../../../Engine/Content/EditorMaterials/GizmoMaterial.uasset" 120
"../../../Engine/Content/EditorMaterials/MAT_Groups_Toggle.uasset" 121
"../../../Engine/Content/EditorMaterials/MAT_Groups_Visibility.uasset" 122
"../../../Engine/Content/EditorMaterials/PreviewShadowIndicator.uasset" 123
"../../../Engine/Content/EditorMaterials/PreviewShadowIndicatorMaterial.uasset" 124
"../../../Engine/Content/EditorMaterials/MatineeGroups/MAT_ColorTrack.uasset" 125
"../../../Engine/Content/EditorMaterials/MatineeGroups/MAT_Groups_Anim.uasset" 126
"../../../Engine/Content/EditorMaterials/MatineeGroups/MAT_Groups_AudioMaster.uasset" 127
"../../../Engine/Content/EditorMaterials/MatineeGroups/MAT_Groups_Director.uasset" 128
"../../../Engine/Content/EditorMaterials/MatineeGroups/MAT_Groups_Event.uasset" 129
"../../../Engine/Content/EditorMaterials/MatineeGroups/MAT_Groups_Fade.uasset" 130
"../../../Engine/Content/EditorMaterials/MatineeGroups/MAT_Groups_Float.uasset" 131
"../../../Engine/Content/EditorMaterials/MatineeGroups/MAT_Groups_Move.uasset" 132
"../../../Engine/Content/EditorMaterials/MatineeGroups/MAT_Groups_Slomo.uasset" 133
"../../../Engine/Content/EditorMaterials/MatineeGroups/MAT_Groups_Sound.uasset" 134
"../../../Engine/Content/EditorMaterials/MatineeGroups/MAT_Groups_Vector.uasset" 135
"../../../Engine/Content/EditorMaterials/ParticleSystems/PSysThumbnail_NoImage.uasset" 136
"../../../Engine/Content/EditorMaterials/ParticleSystems/PSysThumbnail_OOD.uasset" 137
"../../../Engine/Content/EditorMaterials/Camera/CineMat.uasset" 138
"../../../Engine/Content/EditorMaterials/Camera/MI_CineMat_Rig.uasset" 139
"../../../Engine/Content/EditorMeshes/Camera/SM_CraneRig_Arm.uasset" 140
"../../../Engine/Content/EditorMeshes/Camera/SM_CraneRig_Base.uasset" 141
"../../../Engine/Content/EditorMeshes/Camera/SM_CraneRig_Body.uasset" 142
"../../../Engine/Content/EditorMeshes/Camera/SM_CraneRig_Mount.uasset" 143
"../../../Engine/Content/EditorMeshes/Camera/SM_RailRig_Mount.uasset" 144
"../../../Engine/Content/EditorMeshes/Camera/SM_RailRig_Track.uasset" 145
"../../../Engine/Content/EditorResources/BSPVertex.uasset" 146
"../../../Engine/Content/EditorResources/EmptyActor.uasset" 147
"../../../Engine/Content/EditorResources/S_Actor.uasset" 148
"../../../Engine/Content/EditorResources/S_Note.uasset" 149
"../../../Engine/Content/EditorResources/S_Trigger.uasset" 150
"../../../Engine/Content/EditorResources/LightIcons/S_LightError.uasset" 151
"../../../Engine/Content/EditorResources/SequenceRecorder/Countdown.uasset" 152
"../../../Engine/Content/EditorResources/SequenceRecorder/RecordingIndicator.uasset" 153
"../../../Engine/Content/EditorSounds/Notifications/CompileFailed.uasset" 154
"../../../Engine/Content/EditorSounds/Notifications/CompileFailed_Cue.uasset" 155
"../../../Engine/Content/EditorSounds/Notifications/CompileSuccess.uasset" 156
"../../../Engine/Content/EditorSounds/Notifications/CompileStart_Cue.uasset" 157
"../../../Engine/Content/EditorSounds/Notifications/CompileSuccess_Cue.uasset" 158
"../../../Engine/Content/EngineDamageTypes/DmgTypeBP_Environmental.uasset" 159
"../../../Engine/Content/EngineDebugMaterials/HeatmapGradient.uasset" 160
"../../../Engine/Content/EngineDebugMaterials/BoneWeightMaterial.uasset" 161
"../../../Engine/Content/EngineDebugMaterials/ClothMaterial.uasset" 162
"../../../Engine/Content/EngineDebugMaterials/ClothMaterial_WF.uasset" 163
"../../../Engine/Content/EngineDebugMaterials/DebugEditorMaterial.uasset" 164
"../../../Engine/Content/EngineDebugMaterials/DebugMeshMaterial.uasset" 165
"../../../Engine/Content/EngineDebugMaterials/GeomMaterial.uasset" 166
"../../../Engine/Content/EngineDebugMaterials/M_SimpleTranslucent.uasset" 167
"../../../Engine/Content/EngineFonts/Faces/RobotoBold.uasset" 168
"../../../Engine/Content/EngineFonts/Faces/RobotoBoldItalic.uasset" 169
"../../../Engine/Content/EngineFonts/Faces/RobotoItalic.uasset" 170
"../../../Engine/Content/EngineFonts/Faces/RobotoLight.uasset" 171
"../../../Engine/Content/EngineFonts/Faces/RobotoRegular.uasset" 172
"../../../Engine/Content/EngineFonts/Roboto.uasset" 173
"../../../Engine/Content/EngineFonts/Faces/RobotoTiny.uasset" 174
"../../../Engine/Content/EngineFonts/RobotoTiny.uasset" 175
"../../../Engine/Content/EngineMaterials/BaseFlattenDiffuseMap.uasset" 176
"../../../Engine/Content/EngineMaterials/BaseFlattenEmissiveMap.uasset" 177
"../../../Engine/Content/EngineMaterials/BaseFlattenGrayscaleMap.uasset" 178
"../../../Engine/Content/EngineMaterials/BaseFlattenMaterial.uasset" 179
"../../../Engine/Content/EngineMaterials/DefaultBloomKernel.uasset" 180
"../../../Engine/Content/EngineMaterials/DefaultBokeh.uasset" 181
"../../../Engine/Content/EngineMaterials/DefaultDeferredDecalMaterial.uasset" 182
"../../../Engine/Content/EngineMaterials/DefaultLightFunctionMaterial.uasset" 183
"../../../Engine/Content/EngineMaterials/DefaultPhysicalMaterial.uasset" 184
"../../../Engine/Content/Functions/Engine_MaterialFunctions02/Utility/BreakOutFloat2Components.uasset" 185
"../../../Engine/Content/EngineMaterials/DefaultPostProcessMaterial.uasset" 186
"../../../Engine/Content/EngineMaterials/DefaultTextMaterialOpaque.uasset" 187
"../../../Engine/Content/EngineMaterials/DefaultWhiteGrid.uasset" 188
"../../../Engine/Content/EngineMaterials/Good64x64TilingNoiseHighFreq.uasset" 189
"../../../Engine/Content/EngineMaterials/MiniFont.uasset" 190
"../../../Engine/Content/EngineMaterials/InvalidLightmapSettings.uasset" 191
"../../../Engine/Content/EngineMaterials/M_InvalidLightmapSettings.uasset" 192
"../../../Engine/Content/Functions/Engine_MaterialFunctions02/WorldPositionOffset/CameraOffset.uasset" 193
"../../../Engine/Content/EngineMaterials/PhAT_JointLimitMaterial.uasset" 194
"../../../Engine/Content/EngineMaterials/PreintegratedSkinBRDF.uasset" 195
"../../../Engine/Content/EngineMaterials/RemoveSurfaceMaterial.uasset" 196
"../../../Engine/Content/EngineMaterials/WeightMapPlaceholderTexture.uasset" 197
"../../../Engine/Content/EngineMaterials/Widget3DPassThrough.uasset" 198
"../../../Engine/Content/EngineMaterials/Widget3DPassThrough_Masked.uasset" 199
"../../../Engine/Content/EngineMaterials/Widget3DPassThrough_Opaque.uasset" 200
"../../../Engine/Content/EngineMaterials/Widget3DPassThrough_Masked_OneSided.uasset" 201
"../../../Engine/Content/EngineMaterials/Widget3DPassThrough_Opaque_OneSided.uasset" 202
"../../../Engine/Content/EngineMaterials/Widget3DPassThrough_Translucent.uasset" 203
"../../../Engine/Content/EngineMaterials/Widget3DPassThrough_Translucent_OneSided.uasset" 204
"../../../Engine/Content/EngineMeshes/Cylinder.uasset" 205
"../../../Engine/Content/EngineMeshes/Sphere.uasset" 206
"../../../Engine/Content/EngineResources/DefaultTextureCube.uasset" 207
"../../../Engine/Content/EngineResources/DefaultVolumeTexture2D.uasset" 208
"../../../Engine/Content/EngineResources/DefaultVolumeTexture.uasset" 209
"../../../Engine/Content/EngineResources/GradientTexture0.uasset" 210
"../../../Engine/Content/EngineSounds/Master.uasset" 211
"../../../Engine/Content/Functions/Engine_MaterialFunctions01/Shading/ConvertFromDiffSpec.uasset" 212
"../../../Engine/Content/Functions/Engine_MaterialFunctions01/Shading/PowerToRoughness.uasset" 213
"../../../Engine/Content/Maps/Templates/Thumbnails/Default.uasset" 214
"../../../Engine/Content/Maps/Templates/Thumbnails/VR-Basic.uasset" 215
"../../../Engine/Content/MobileResources/T_MobileControls_texture.uasset" 216
"../../../Engine/Content/MobileResources/T_MobileMenu2.uasset" 217
"../../../Engine/Content/MobileResources/HUD/AnalogHat.uasset" 218
"../../../Engine/Content/MobileResources/HUD/VirtualJoystick_Background.uasset" 219
"../../../Engine/Content/MobileResources/HUD/DefaultVirtualJoysticks.uasset" 220
"../../../Engine/Content/MobileResources/HUD/LeftVirtualJoystickOnly.uasset" 221
"../../../Engine/Content/MobileResources/HUD/MobileHUDButton1_off.uasset" 222
"../../../Engine/Content/MobileResources/HUD/MobileHUDButton1_on.uasset" 223
"../../../Engine/Content/MobileResources/HUD/MobileHUDButton2_off.uasset" 224
"../../../Engine/Content/MobileResources/HUD/MobileHUDButton2_on.uasset" 225
"../../../Engine/Content/MobileResources/HUD/MobileHUDButton3.uasset" 226
"../../../Engine/Content/MobileResources/HUD/MobileHUDButtonFire.uasset" 227
"../../../Engine/Content/MobileResources/HUD/MobileHUDDirectionPad.uasset" 228
"../../../Engine/Content/MobileResources/HUD/MobileHUDDirectionPad2.uasset" 229
"../../../Engine/Content/MobileResources/HUD/MobileHUDDirectionPad3.uasset" 230
"../../../Engine/Content/MobileResources/HUD/MobileHUDDirectionStick.uasset" 231
"../../../Engine/Content/MobileResources/HUD/T_Castle_ThumbstickInner.uasset" 232
"../../../Engine/Content/MobileResources/HUD/T_Castle_ThumbstickOutter.uasset" 233
"../../../Engine/Content/Tutorial/ContentIntroCurve.uasset" 234
"../../../Engine/Content/Tutorial/Basics/LevelEditorAttract.uasset" 235
"../../../Engine/Content/Tutorial/Basics/TutorialAssets/icon_tab_Levels_40x.uasset" 236
"../../../Engine/Content/Tutorial/Basics/LevelEditorOverview.uasset" 237
"../../../Engine/Content/Tutorial/BlueprintTutorials/TutorialAssets/Blueprint_64x.uasset" 238
"../../../Engine/Content/Tutorial/BlueprintTutorials/BlueprintEditorTutorial.uasset" 239
"../../../Engine/Content/Tutorial/Landscape/TutorialAssets/Landscape.uasset" 240
"../../../Engine/Content/Tutorial/Landscape/LandscapeWalkThrough.uasset" 241
"../../../Engine/Content/Tutorial/Landscape/Landscape_Manage_Mode.uasset" 242
"../../../Engine/Content/Tutorial/Landscape/Landscape_Painting_Mode.uasset" 243
"../../../Engine/Content/Tutorial/Landscape/Landscape_Sculpt_Mode.uasset" 244
"../../../Engine/Content/Tutorial/SubEditors/GettingSubstance.uasset" 245
"../../../Engine/Content/VREditor/TransformGizmo/TransformGizmoMaterial.uasset" 246
"../../../Engine/Content/VREditor/TransformGizmo/TranslucentTransformGizmoMaterial.uasset" 247
"../../../Engine/Content/VREditor/TransformGizmo/BoundingBoxCorner.uasset" 248
"../../../Engine/Content/VREditor/TransformGizmo/BoundingBoxEdge.uasset" 249
"../../../Engine/Content/VREditor/TransformGizmo/PlaneTranslationHandle.uasset" 250
"../../../Engine/Content/VREditor/TransformGizmo/Main.uasset" 251
"../../../Engine/Content/VREditor/TransformGizmo/Xray.uasset" 252
"../../../Engine/Content/VREditor/TransformGizmo/SM_Sequencer_Key.uasset" 253
"../../../Engine/Content/VREditor/TransformGizmo/SM_Sequencer_Node.uasset" 254
"../../Plugins/2D/Paper2D/Content/PlaceholderTextures/DummySpriteTexture.uasset" 255
"../../Plugins/2D/Paper2D/Content/DummySprite.uasset" 256
"../../Plugins/2D/Paper2D/Content/DefaultPaperTerrainMaterial.uasset" 257
"../../Plugins/2D/Paper2D/Content/DummySpriteTexture.uasset" 258
"../../Plugins/2D/Paper2D/Content/DefaultSpriteMaterial.uasset" 259
"../../Plugins/2D/Paper2D/Content/MaskedUnlitSpriteMaterial.uasset" 260
"../../Plugins/2D/Paper2D/Content/OpaqueUnlitSpriteMaterial.uasset" 261
"../../Plugins/Runtime/Oculus/OculusVR/Content/OculusMR_RenderTarget.uasset" 262
"../../../Engine/Content/Functions/Engine_MaterialFunctions02/Utility/BreakOutFloat4Components.uasset" 263
"../../../Engine/Content/Functions/Engine_MaterialFunctions02/Utility/MakeFloat2.uasset" 264
"../../../Engine/Content/Functions/Engine_MaterialFunctions02/Utility/MakeFloat3.uasset" 265
"../../Plugins/Runtime/Oculus/OculusVR/Content/Materials/OculusMR_ChromaKey.uasset" 266
"../../Plugins/Runtime/Oculus/OculusVR/Content/Materials/OculusMR_ChromaKey_Lit.uasset" 267
"../../Plugins/Runtime/Oculus/OculusVR/Content/Materials/OculusMR_OpaqueColoredMaterial.uasset" 268
"../../Plugins/Runtime/Oculus/OculusVR/Content/Materials/OculusMR_WhiteMaterial.uasset" 269
"../../Plugins/Runtime/Oculus/OculusVR/Content/Materials/PokeAHoleMaterial.uasset" 270
"../../Plugins/Runtime/Oculus/OculusVR/Content/Textures/GearVRController_AO.uasset" 271
"../../Plugins/Runtime/Oculus/OculusVR/Content/Textures/GearVRController_Color.uasset" 272
"../../Plugins/Runtime/Oculus/OculusVR/Content/Textures/GearVRController_Normal.uasset" 273
"../../Plugins/Runtime/Oculus/OculusVR/Content/Materials/GearVRControllerMaterial.uasset" 274
"../../Plugins/Runtime/Oculus/OculusVR/Content/Meshes/GearVrController.uasset" 275
"../../Plugins/Runtime/Oculus/OculusVR/Content/Textures/touchController_albedo.uasset" 276
"../../Plugins/Runtime/Oculus/OculusVR/Content/Textures/touchController_controlmap.uasset" 277
"../../Plugins/Runtime/Oculus/OculusVR/Content/Materials/touchController_mat.uasset" 278
"../../Plugins/Runtime/Oculus/OculusVR/Content/Meshes/LeftTouchController.uasset" 279
"../../Plugins/Runtime/Oculus/OculusVR/Content/Meshes/RiftHMD.uasset" 280
"../../Plugins/Runtime/Oculus/OculusVR/Content/Meshes/RightTouchController.uasset" 281
"../../../Engine/Content/EngineSky/C_Sky_Zenith_Color.uasset" 282
"../../../Engine/Content/EngineSky/T_Sky_Blue.uasset" 283
"../../../Engine/Content/EngineSky/T_Sky_Clouds_M.uasset" 284
"../../../Engine/Content/EngineSky/T_Sky_Stars.uasset" 285
"../../../Engine/Content/EngineSky/M_Sky_Panning_Clouds2.uasset" 286
"../../../Engine/Content/EngineSky/SM_SkySphere.uasset" 287
"../../../Engine/Content/EngineSky/BP_Sky_Sphere.uasset" 288
"../../../../../../Users/crizz/Desktop/GAME2020/M4/Content/VehicleBP/Maps/AquariumAtNight_BuiltData.uasset" 289
"../../../Engine/Content/EngineMaterials/FlatNormal.uasset" 290
"../../Plugins/Enterprise/DatasmithContent/Content/Materials/CE_BaseMaster.uasset" 291
"../../Plugins/Enterprise/DatasmithContent/Content/Materials/CE_OpacitySimpleMaster.uasset" 292
"../../Plugins/Enterprise/DatasmithContent/Content/Materials/FBXImporter/VREDUVEdit.uasset" 293
"../../Plugins/Enterprise/DatasmithContent/Content/Materials/FBXImporter/VREDBase.uasset" 294
"../../../Engine/Content/Functions/Engine_MaterialFunctions01/Gradient/LinearGradient.uasset" 295
"../../../Engine/Content/Functions/Engine_MaterialFunctions01/ImageAdjustment/CheapContrast.uasset" 296
"../../../Engine/Content/Functions/Engine_MaterialFunctions02/SafeNormalize.uasset" 297
"../../../Engine/Content/Functions/Engine_MaterialFunctions02/Math/CreateThirdOrthogonalVector.uasset" 298
"../../../Engine/Content/Functions/Engine_MaterialFunctions02/Utility/BreakOutFloat3Components.uasset" 299
"../../../Engine/Content/Functions/Engine_MaterialFunctions02/Math/Transform3x3Matrix.uasset" 300
"../../../Engine/Content/Functions/Engine_MaterialFunctions02/Texturing/HeightLerpWithTwoHeightMaps.uasset" 301
"../../../Engine/Content/Functions/Engine_MaterialFunctions02/ExampleContent/Textures/SphereRenderNormalsMap.uasset" 302
"../../../Engine/Content/Functions/Engine_MaterialFunctions02/WorldAlignedNormals_HighQuality.uasset" 303
"../../../Engine/Content/EngineMaterials/DefaultNormal_Uncompressed.uasset" 304
"../../../Engine/Content/Functions/Engine_MaterialFunctions02/Texturing/WorldAlignedTextures_Complex.uasset" 305
"../../../Engine/Content/EngineMaterials/DefaultNormal.uasset" 306
"../../../Engine/Content/EngineResources/DefaultTexture.uasset" 307
"../../Plugins/Enterprise/DatasmithContent/Content/Materials/FBXImporter/VREDMasterClearCoat.uasset" 308
"../../../Engine/Content/EditorLandscapeResources/MirrorPlaneMaterial.uasset" 309
"../../../Engine/Content/EngineDebugMaterials/LevelColorationUnlitMaterial.uasset" 310
"../../../Engine/Content/EngineMaterials/EditorBrushMaterial.uasset" 311
"../../../Engine/Content/VREditor/Devices/Vive/T_VivePreController_EM.uasset" 312
"../../../Engine/Content/VREditor/Devices/Vive/VivePreController_MasksA.uasset" 313
"../../../Engine/Content/VREditor/Devices/Vive/VivePreController_MasksB.uasset" 314
"../../../Engine/Content/VREditor/Devices/Vive/VivePreControllerDiffuse.uasset" 315
"../../../Engine/Content/VREditor/Devices/Vive/VivePreControllerSpec.uasset" 316
"../../../Engine/Content/VREditor/Devices/Vive/VivePreControllerMaterial.uasset" 317
"../../../Engine/Content/VREditor/Devices/Vive/VivePreControllerMaterial_Inst.uasset" 318
"../../../Engine/Content/VREditor/UI/KeyDiskMaterial.uasset" 319
"../../../Engine/Content/VREditor/UI/DiscMaterial.uasset" 320
"../../../../../../Users/crizz/Desktop/GAME2020/M4/Content/Geometry/Meshes/1M_Cube.uasset" 321
"../../../../../../Users/crizz/Desktop/GAME2020/M4/Content/Vehicle/Meshes/WhiteMaterial.uasset" 322
"../../../../../../Users/crizz/Desktop/GAME2020/M4/Content/Vehicle/Meshes/RoughTerrain_StaticMesh.uasset" 323
"../../../../../../Users/crizz/Desktop/GAME2020/M4/Content/VehicleBP/Maps/AquariumAtNight.umap" 324
"../../../../../../Users/crizz/Desktop/GAME2020/M4/Content/UI/art-dystopia_regular.uasset" 325
"../../../../../../Users/crizz/Desktop/GAME2020/M4/Content/UI/lost.uasset" 326
"../../../../../../Users/crizz/Desktop/GAME2020/M4/Content/VehicleBP/Maps/Lost.umap" 327
"../../../../../../Users/crizz/Desktop/GAME2020/M4/Content/VehicleBP/Maps/Mainmenu_BuiltData.uasset" 328
"../../../../../../Users/crizz/Desktop/GAME2020/M4/Content/VehicleBP/Maps/Mainmenu.umap" 329
"../../../../../../Users/crizz/Desktop/GAME2020/M4/Content/UI/art-dystopia_regular__1_.uasset" 330
"../../../../../../Users/crizz/Desktop/GAME2020/M4/Content/UI/won.uasset" 331
"../../../../../../Users/crizz/Desktop/GAME2020/M4/Content/VehicleBP/Maps/Won.umap" 332
"../../../Engine/Content/Maps/Entry_BuiltData.uasset" 333
"../../../Engine/Content/Maps/Entry.umap" 334
